
                   @@@@@@                          @@@    @@@
                     @@                             @@     @ 
                     @@                             @@@    @ 
                     @@           @@@       @@@     @ @@   @ 
                     @@         @@   @@   @@   @@   @ @@   @ 
                     @@        @@     @@ @@     @@  @  @@  @ 
                     @@        @@     @@ @@     @@  @   @@ @ 
                     @@        @@     @@ @@     @@  @   @@ @ 
                     @@      @ @@     @@ @@     @@  @    @@@ 
                     @@     @   @@   @@   @@   @@   @     @@ 
                   @@@@@@@@@@     @@@       @@@    @@@    @@ 

                           Local optimization on Nets

             Alliance CAD System 5.0 20090901, loon 5.0 [2003/12/07]
             Copyright (c) 2000-2019,                 ASIM/LIP6/UPMC
             Author(s):                              François Donnet
             E-mail        :             alliance-users@asim.lip6.fr

	MBK_IN_LO	: vst
	MBK_OUT_LO	: vst
	MBK_TARGET_LIB	: /usr/lib/alliance/cells/sxlib

Reading parameter file 'paramfile.lax'...
50% area - 50% delay optimization
Reading file 'coder_b.vst'...
Controlling file 'paramfile.lax'...
Reading lib '/usr/lib/alliance/cells/sxlib'...
Capacitances on file 'coder_b.vst'...
Delays on file 'coder_b.vst'...3441 ps
Area on file 'coder_b.vst'...103500 lamda² (with over-cell routing)
Details...
	inv_x2: 12 (8%)
	no2_x1: 10 (9%)
	a2_x2: 8 (9%)
	na2_x1: 6 (5%)
	o2_x2: 5 (6%)
	noa22_x1: 4 (5%)
	sff1_x4: 3 (13%)
	oa2ao222_x2: 3 (7%)
	buf_x2: 2 (1%)
	oa22_x2: 2 (2%)
	on12_x1: 2 (2%)
	a3_x2: 2 (2%)
	nxr2_x1: 2 (4%)
	na4_x1: 2 (2%)
	na3_x1: 2 (2%)
	no3_x1: 2 (2%)
	o3_x2: 1 (1%)
	oa2a2a23_x2: 1 (2%)
	ao2o22_x2: 1 (2%)
	o4_x2: 1 (1%)
	nao22_x1: 1 (1%)
	xr2_x1: 1 (2%)
	Total: 73
Worst RC on file 'coder_b.vst'...252 ps
Inserting buffers on critical path for file 'coder_b_l.vst'...2 buffers inserted -> 3343 ps
Improving RC on critical path for file 'coder_b_l.vst'...3324 ps
Improving all RC for file 'coder_b_l.vst'...
Worst RC on file 'coder_b_l.vst'...252 ps
Area on file 'coder_b_l.vst'...105750 lamda² (with over-cell routing)
Details...
	inv_x2: 11 (7%)
	no2_x1: 10 (9%)
	a2_x2: 8 (9%)
	na2_x1: 6 (5%)
	o2_x2: 5 (5%)
	buf_x2: 4 (3%)
	noa22_x1: 4 (5%)
	sff1_x4: 3 (12%)
	oa2ao222_x2: 3 (7%)
	oa22_x2: 2 (2%)
	on12_x1: 2 (2%)
	a3_x2: 2 (2%)
	nxr2_x1: 2 (4%)
	na4_x1: 2 (2%)
	na3_x1: 2 (2%)
	no3_x1: 2 (2%)
	o3_x2: 1 (1%)
	oa2a2a23_x2: 1 (2%)
	ao2o22_x2: 1 (2%)
	o4_x2: 1 (1%)
	nao22_x1: 1 (1%)
	xr2_x1: 1 (2%)
	inv_x4: 1 (0%)
	Total: 75
Critical path (no warranty)...3324 ps from 'fsm_current_state 1' to 'fsm_current_state_0_ins'
Saving file 'coder_b_l.vst'...
Saving delay gradient in xsch color file 'coder_b_l.xsc'...
End of loon...

