
                   @@@@@@                          @@@    @@@
                     @@                             @@     @ 
                     @@                             @@@    @ 
                     @@           @@@       @@@     @ @@   @ 
                     @@         @@   @@   @@   @@   @ @@   @ 
                     @@        @@     @@ @@     @@  @  @@  @ 
                     @@        @@     @@ @@     @@  @   @@ @ 
                     @@        @@     @@ @@     @@  @   @@ @ 
                     @@      @ @@     @@ @@     @@  @    @@@ 
                     @@     @   @@   @@   @@   @@   @     @@ 
                   @@@@@@@@@@     @@@       @@@    @@@    @@ 

                           Local optimization on Nets

             Alliance CAD System 5.0 20090901, loon 5.0 [2003/12/07]
             Copyright (c) 2000-2019,                 ASIM/LIP6/UPMC
             Author(s):                              François Donnet
             E-mail        :             alliance-users@asim.lip6.fr

	MBK_IN_LO	: vst
	MBK_OUT_LO	: vst
	MBK_TARGET_LIB	: /usr/lib/alliance/cells/sxlib

Reading parameter file 'paramfile.lax'...
50% area - 50% delay optimization
Reading file 'codea_b.vst'...
Controlling file 'paramfile.lax'...
Reading lib '/usr/lib/alliance/cells/sxlib'...
Capacitances on file 'codea_b.vst'...
Delays on file 'codea_b.vst'...2026 ps
Area on file 'codea_b.vst'...60500 lamda² (with over-cell routing)
Details...
	inv_x2: 7 (8%)
	no2_x1: 6 (9%)
	na3_x1: 5 (10%)
	a2_x2: 4 (8%)
	sff1_x4: 3 (22%)
	oa2ao222_x2: 2 (8%)
	na2_x1: 2 (3%)
	o3_x2: 2 (4%)
	o2_x2: 2 (4%)
	no4_x1: 1 (2%)
	a3_x2: 1 (2%)
	nao22_x1: 1 (2%)
	an12_x1: 1 (2%)
	ao22_x2: 1 (2%)
	a4_x2: 1 (2%)
	no3_x1: 1 (2%)
	o4_x2: 1 (2%)
	Total: 41
Worst RC on file 'codea_b.vst'...342 ps
Inserting buffers on critical path for file 'codea_b_l.vst'...1 buffer inserted -> 2013 ps
Improving RC on critical path for file 'codea_b_l.vst'...1998 ps
Improving all RC for file 'codea_b_l.vst'...
Worst RC on file 'codea_b_l.vst'...342 ps
Area on file 'codea_b_l.vst'...61750 lamda² (with over-cell routing)
Details...
	no2_x1: 6 (9%)
	inv_x2: 6 (7%)
	na3_x1: 5 (10%)
	a2_x2: 4 (8%)
	sff1_x4: 3 (21%)
	oa2ao222_x2: 2 (8%)
	na2_x1: 2 (3%)
	o3_x2: 2 (4%)
	o2_x2: 2 (4%)
	buf_x2: 1 (1%)
	no4_x1: 1 (2%)
	a3_x2: 1 (2%)
	nao22_x1: 1 (2%)
	an12_x1: 1 (2%)
	ao22_x2: 1 (2%)
	a4_x2: 1 (2%)
	no3_x1: 1 (2%)
	inv_x4: 1 (1%)
	o4_x2: 1 (2%)
	Total: 42
Critical path (no warranty)...1998 ps from 'fsm_current_state 1' to 'fsm_current_state_2_ins'
Saving file 'codea_b_l.vst'...
Saving delay gradient in xsch color file 'codea_b_l.xsc'...
End of loon...

