
                  @@@@@@@                             @@@@ @  
                    @@   @@                         @@    @@  
                    @@    @@                       @@      @  
                    @@    @@     @@@       @@@    @@          
                    @@   @@    @@   @@   @@   @@  @@          
                    @@@@@@    @@     @@ @@     @@ @@     @@@@@
                    @@    @@  @@     @@ @@     @@ @@     @ @@ 
                    @@     @@ @@     @@ @@     @@ @@    @  @@ 
                    @@     @@ @@     @@ @@     @@  @@      @@ 
                    @@    @@   @@   @@   @@   @@    @@    @@  
                  @@@@@@@@       @@@       @@@        @@@@    

                         Binding and Optimizing On Gates

             Alliance CAD System 5.0 20090901, boog 5.0 [2003/01/09]
             Copyright (c) 2000-2019,                 ASIM/LIP6/UPMC
             Author(s):                              François Donnet
             E-mail        :             alliance-users@asim.lip6.fr

        MBK_VDD        : vdd
        MBK_VSS        : vss
        MBK_IN_LO      : vst
        MBK_OUT_LO     : vst
        MBK_WORK_LIB   : .
        MBK_TARGET_LIB : /usr/lib/alliance/cells/sxlib

Reading parameter file 'paramfile.lax'...
50% area - 50% delay optimization
Reading file 'codeo_b.vbe'...
Controlling file 'paramfile.lax'...
Controlling file 'codeo_b.vbe'...
Reading lib '/usr/lib/alliance/cells/sxlib'...
Controlling lib '/usr/lib/alliance/cells/sxlib'...
Preparing file 'codeo_b.vbe'...
Capacitances on file 'codeo_b.vbe'...
Unflattening file 'codeo_b.vbe'...
Mapping file 'codeo_b.vbe'...
Saving file 'codeo_b.vst'...
Adding signal 'not_code 1'
Adding signal 'not_code 2'
Quick estimated critical path (no warranty)...1981 ps from 'fsm_current_state 5' to 'fsm_current_state 0'
Quick estimated area (with over-cell routing)...81750 lambda²
Details...
	inv_x2: 10
	sff1_x4: 7
	no2_x1: 5
	o2_x2: 4
	o3_x2: 3
	na2_x1: 3
	na4_x1: 3
	buf_x2: 2
	noa22_x1: 2
	a2_x2: 2
	ao22_x2: 1
	on12_x1: 1
	o4_x2: 1
	oa2a2a23_x2: 1
	oa22_x2: 1
	an12_x1: 1
	a3_x2: 1
	nao22_x1: 1
	Total: 49
Saving delay gradient in xsch color file 'codeo_b.xsc'...
End of boog...

