
                   @@@@@@                          @@@    @@@
                     @@                             @@     @ 
                     @@                             @@@    @ 
                     @@           @@@       @@@     @ @@   @ 
                     @@         @@   @@   @@   @@   @ @@   @ 
                     @@        @@     @@ @@     @@  @  @@  @ 
                     @@        @@     @@ @@     @@  @   @@ @ 
                     @@        @@     @@ @@     @@  @   @@ @ 
                     @@      @ @@     @@ @@     @@  @    @@@ 
                     @@     @   @@   @@   @@   @@   @     @@ 
                   @@@@@@@@@@     @@@       @@@    @@@    @@ 

                           Local optimization on Nets

             Alliance CAD System 5.0 20090901, loon 5.0 [2003/12/07]
             Copyright (c) 2000-2019,                 ASIM/LIP6/UPMC
             Author(s):                              François Donnet
             E-mail        :             alliance-users@asim.lip6.fr

	MBK_IN_LO	: vst
	MBK_OUT_LO	: vst
	MBK_TARGET_LIB	: /usr/lib/alliance/cells/sxlib

Reading parameter file 'paramfile.lax'...
50% area - 50% delay optimization
Reading file 'codeo_b.vst'...
Controlling file 'paramfile.lax'...
Reading lib '/usr/lib/alliance/cells/sxlib'...
Capacitances on file 'codeo_b.vst'...
Delays on file 'codeo_b.vst'...2348 ps
Area on file 'codeo_b.vst'...81750 lamda² (with over-cell routing)
Details...
	inv_x2: 10 (9%)
	sff1_x4: 7 (38%)
	no2_x1: 5 (6%)
	o2_x2: 4 (6%)
	o3_x2: 3 (5%)
	na2_x1: 3 (3%)
	na4_x1: 3 (5%)
	buf_x2: 2 (2%)
	noa22_x1: 2 (3%)
	a2_x2: 2 (3%)
	ao22_x2: 1 (1%)
	on12_x1: 1 (1%)
	o4_x2: 1 (2%)
	oa2a2a23_x2: 1 (3%)
	oa22_x2: 1 (1%)
	an12_x1: 1 (1%)
	a3_x2: 1 (1%)
	nao22_x1: 1 (1%)
	Total: 49
Worst RC on file 'codeo_b.vst'...170 ps
Inserting buffers on critical path for file 'codeo_b_l.vst'...2 buffers inserted -> 2309 ps
Improving RC on critical path for file 'codeo_b_l.vst'...2250 ps
Improving all RC for file 'codeo_b_l.vst'...
Worst RC on file 'codeo_b_l.vst'...170 ps
Area on file 'codeo_b_l.vst'...84000 lamda² (with over-cell routing)
Details...
	inv_x2: 9 (8%)
	sff1_x4: 7 (37%)
	no2_x1: 5 (5%)
	buf_x2: 4 (4%)
	o2_x2: 4 (5%)
	o3_x2: 3 (5%)
	na2_x1: 3 (3%)
	na4_x1: 3 (5%)
	noa22_x1: 2 (3%)
	a2_x2: 2 (2%)
	ao22_x2: 1 (1%)
	on12_x1: 1 (1%)
	o4_x2: 1 (2%)
	oa2a2a23_x2: 1 (3%)
	oa22_x2: 1 (1%)
	an12_x1: 1 (1%)
	a3_x2: 1 (1%)
	nao22_x1: 1 (1%)
	inv_x4: 1 (1%)
	Total: 51
Critical path (no warranty)...2250 ps from 'fsm_current_state 6' to 'fsm_current_state_0_ins'
Saving file 'codeo_b_l.vst'...
Saving delay gradient in xsch color file 'codeo_b_l.xsc'...
End of loon...

