
                   @@@@@@                          @@@    @@@
                     @@                             @@     @ 
                     @@                             @@@    @ 
                     @@           @@@       @@@     @ @@   @ 
                     @@         @@   @@   @@   @@   @ @@   @ 
                     @@        @@     @@ @@     @@  @  @@  @ 
                     @@        @@     @@ @@     @@  @   @@ @ 
                     @@        @@     @@ @@     @@  @   @@ @ 
                     @@      @ @@     @@ @@     @@  @    @@@ 
                     @@     @   @@   @@   @@   @@   @     @@ 
                   @@@@@@@@@@     @@@       @@@    @@@    @@ 

                           Local optimization on Nets

             Alliance CAD System 5.0 20090901, loon 5.0 [2003/12/07]
             Copyright (c) 2000-2019,                 ASIM/LIP6/UPMC
             Author(s):                              François Donnet
             E-mail        :             alliance-users@asim.lip6.fr

	MBK_IN_LO	: vst
	MBK_OUT_LO	: vst
	MBK_TARGET_LIB	: /usr/lib/alliance/cells/sxlib

Reading parameter file 'paramfile.lax'...
50% area - 50% delay optimization
Reading file 'codem_b.vst'...
Controlling file 'paramfile.lax'...
Reading lib '/usr/lib/alliance/cells/sxlib'...
Capacitances on file 'codem_b.vst'...
Delays on file 'codem_b.vst'...2578 ps
Area on file 'codem_b.vst'...58500 lamda² (with over-cell routing)
Details...
	inv_x2: 8 (10%)
	na3_x1: 4 (8%)
	no2_x1: 3 (5%)
	sff1_x4: 3 (23%)
	nao22_x1: 3 (7%)
	o2_x2: 3 (6%)
	na2_x1: 3 (5%)
	no3_x1: 2 (4%)
	a2_x2: 2 (4%)
	no4_x1: 2 (5%)
	oa22_x2: 2 (5%)
	a3_x2: 1 (2%)
	o4_x2: 1 (2%)
	na4_x1: 1 (2%)
	on12_x1: 1 (2%)
	ao22_x2: 1 (2%)
	an12_x1: 1 (2%)
	Total: 41
Worst RC on file 'codem_b.vst'...416 ps
Inserting buffers on critical path for file 'codem_b_l.vst'...1 buffer inserted -> 2564 ps
Improving RC on critical path for file 'codem_b_l.vst'...2476 ps
Improving all RC for file 'codem_b_l.vst'...
Worst RC on file 'codem_b_l.vst'...416 ps
Area on file 'codem_b_l.vst'...60500 lamda² (with over-cell routing)
Details...
	inv_x2: 7 (8%)
	na3_x1: 4 (8%)
	no2_x1: 3 (4%)
	sff1_x4: 3 (22%)
	nao22_x1: 3 (7%)
	o2_x2: 3 (6%)
	na2_x1: 3 (4%)
	no3_x1: 2 (4%)
	a2_x2: 2 (4%)
	no4_x1: 2 (4%)
	oa22_x2: 2 (4%)
	buf_x2: 1 (1%)
	a3_x2: 1 (2%)
	o4_x2: 1 (2%)
	na4_x1: 1 (2%)
	on12_x1: 1 (2%)
	inv_x8: 1 (2%)
	ao22_x2: 1 (2%)
	an12_x1: 1 (2%)
	Total: 42
Critical path (no warranty)...2476 ps from 'fsm_current_state 0' to 'fsm_current_state_1_ins'
Saving file 'codem_b_l.vst'...
Saving delay gradient in xsch color file 'codem_b_l.xsc'...
End of loon...

